{"level":"info","message":"Server is running on port 3007","service":"[ MAIN ]","timestamp":"2026-04-11T16:47:30.364Z"}
{"level":"info","message":"Server is running on port 3007","service":"[ MAIN ]","timestamp":"2026-04-11T16:52:01.973Z"}
{"level":"info","message":"User joined interview room: 4bf81bb3-f7b0-4b5e-9b0a-4c956d04620d","service":"[ MAIN ]","timestamp":"2026-04-11T16:54:51.912Z"}
{"level":"info","message":"User joined interview room: 4bf81bb3-f7b0-4b5e-9b0a-4c956d04620d","service":"[ MAIN ]","timestamp":"2026-04-11T16:55:17.761Z"}
{"level":"info","message":"User joined interview room: 4bf81bb3-f7b0-4b5e-9b0a-4c956d04620d","service":"[ MAIN ]","timestamp":"2026-04-11T16:55:21.233Z"}
{"level":"info","message":"User joined interview room: 4bf81bb3-f7b0-4b5e-9b0a-4c956d04620d","service":"[ MAIN ]","timestamp":"2026-04-11T16:55:42.493Z"}
{"level":"info","message":"User joined interview room: 4bf81bb3-f7b0-4b5e-9b0a-4c956d04620d","service":"[ MAIN ]","timestamp":"2026-04-11T16:55:54.113Z"}
{"level":"info","message":"User joined interview room: 36ccf70a-db0f-48c3-b8fe-24968b9149d6","service":"[ MAIN ]","timestamp":"2026-04-11T17:26:34.334Z"}
{"level":"info","message":"User joined interview room: 36ccf70a-db0f-48c3-b8fe-24968b9149d6","service":"[ MAIN ]","timestamp":"2026-04-11T17:26:46.887Z"}
{"level":"info","message":"User joined interview room: 36ccf70a-db0f-48c3-b8fe-24968b9149d6","service":"[ MAIN ]","timestamp":"2026-04-11T17:27:28.090Z"}
{"level":"info","message":"User joined interview room: 36ccf70a-db0f-48c3-b8fe-24968b9149d6","service":"[ MAIN ]","timestamp":"2026-04-11T17:27:36.702Z"}
{"level":"info","message":"User joined interview room: 36ccf70a-db0f-48c3-b8fe-24968b9149d6","service":"[ MAIN ]","timestamp":"2026-04-11T17:27:36.705Z"}
{"level":"info","message":"Server is running on port 3007","service":"[ MAIN ]","timestamp":"2026-04-11T17:30:47.802Z"}
{"level":"info","message":"User joined interview room: 36ccf70a-db0f-48c3-b8fe-24968b9149d6","service":"[ MAIN ]","timestamp":"2026-04-11T17:36:43.822Z"}
{"level":"info","message":"User joined interview room: 36ccf70a-db0f-48c3-b8fe-24968b9149d6","service":"[ MAIN ]","timestamp":"2026-04-11T17:36:43.824Z"}
{"level":"info","message":"User joined interview room: a24b3b1b-773c-4c60-bb20-df12b9398f7d","service":"[ MAIN ]","timestamp":"2026-04-11T17:38:14.758Z"}
{"level":"info","message":"User joined interview room: a24b3b1b-773c-4c60-bb20-df12b9398f7d","service":"[ MAIN ]","timestamp":"2026-04-11T17:38:17.937Z"}
{"level":"info","message":"User joined interview room: a24b3b1b-773c-4c60-bb20-df12b9398f7d","service":"[ MAIN ]","timestamp":"2026-04-11T17:38:20.602Z"}
{"level":"info","message":"User joined interview room: a24b3b1b-773c-4c60-bb20-df12b9398f7d","service":"[ MAIN ]","timestamp":"2026-04-11T17:38:59.065Z"}
{"level":"info","message":"User joined interview room: a24b3b1b-773c-4c60-bb20-df12b9398f7d","service":"[ MAIN ]","timestamp":"2026-04-11T17:39:31.722Z"}
{"level":"info","message":"User joined interview room: a24b3b1b-773c-4c60-bb20-df12b9398f7d","service":"[ MAIN ]","timestamp":"2026-04-11T17:39:31.953Z"}
{"level":"info","message":"User joined interview room: a24b3b1b-773c-4c60-bb20-df12b9398f7d","service":"[ MAIN ]","timestamp":"2026-04-11T17:39:32.671Z"}
{"level":"info","message":"User joined interview room: a24b3b1b-773c-4c60-bb20-df12b9398f7d","service":"[ MAIN ]","timestamp":"2026-04-11T17:41:07.967Z"}
{"level":"info","message":"User joined interview room: a24b3b1b-773c-4c60-bb20-df12b9398f7d","service":"[ MAIN ]","timestamp":"2026-04-11T17:41:21.002Z"}
{"level":"info","message":"User joined interview room: a24b3b1b-773c-4c60-bb20-df12b9398f7d","service":"[ MAIN ]","timestamp":"2026-04-11T17:42:07.475Z"}
{"level":"info","message":"User joined interview room: a24b3b1b-773c-4c60-bb20-df12b9398f7d","service":"[ MAIN ]","timestamp":"2026-04-11T17:42:07.476Z"}
{"level":"info","message":"Server is running on port 3007","service":"[ MAIN ]","timestamp":"2026-04-11T17:44:47.017Z"}
{"level":"info","message":"Server is running on port 3007","service":"[ MAIN ]","timestamp":"2026-04-11T17:45:29.868Z"}
{"level":"info","message":"Server is running on port 3007","service":"[ MAIN ]","timestamp":"2026-04-11T18:58:02.631Z"}
{"level":"info","message":"Server is running on port 3007","service":"[ MAIN ]","timestamp":"2026-04-11T18:58:08.307Z"}
{"level":"info","message":"Server is running on port 3007","service":"[ MAIN ]","timestamp":"2026-04-11T18:58:48.664Z"}
{"level":"info","message":"Server is running on port 3007","service":"[ MAIN ]","timestamp":"2026-04-11T18:59:27.927Z"}
{"level":"info","message":"Server is running on port 3007","service":"[ MAIN ]","timestamp":"2026-04-11T18:59:42.065Z"}
{"level":"info","message":"Server is running on port 3007","service":"[ MAIN ]","timestamp":"2026-04-11T19:00:39.985Z"}
{"level":"info","message":"Server is running on port 3007","service":"[ MAIN ]","timestamp":"2026-04-11T19:56:24.415Z"}
{"clientVersion":"7.7.0","level":"error","message":"Error in creating playlist  \nInvalid `prisma.playlist.create()` invocation in\nC:\\Users\\87074\\OneDrive\\Desktop\\Project\\src\\controller\\playlistController.ts:19:48\n\n  16 const { name, description } = req.body;\n  17 \n  18 \n→ 19 const playlist = await prisma.playlist.create({\n       data: {\n         name: \"Important Question\",\n         description: \"VeryImportant\",\n         ~~~~~~~~~~~\n         userId: \"e1c8d29f-ea46-4a55-bc97-fded0e54063b\",\n     ?   id?: String,\n     ?   createdAt?: DateTime,\n     ?   problems?: ProblemInPlaylistUncheckedCreateNestedManyWithoutPlaylistInput\n       }\n     })\n\nUnknown argument `description`. Available options are marked with ?.","name":"PrismaClientValidationError","service":"[ MAIN ]","stack":"PrismaClientValidationError: \nInvalid `prisma.playlist.create()` invocation in\nC:\\Users\\87074\\OneDrive\\Desktop\\Project\\src\\controller\\playlistController.ts:19:48\n\n  16 const { name, description } = req.body;\n  17 \n  18 \n→ 19 const playlist = await prisma.playlist.create({\n       data: {\n         name: \"Important Question\",\n         description: \"VeryImportant\",\n         ~~~~~~~~~~~\n         userId: \"e1c8d29f-ea46-4a55-bc97-fded0e54063b\",\n     ?   id?: String,\n     ?   createdAt?: DateTime,\n     ?   problems?: ProblemInPlaylistUncheckedCreateNestedManyWithoutPlaylistInput\n       }\n     })\n\nUnknown argument `description`. Available options are marked with ?.\n    at throwValidationException (C:\\Users\\87074\\OneDrive\\Desktop\\Project\\node_modules\\@prisma\\client\\src\\runtime\\core\\errorRendering\\throwValidationException.ts:46:9)\n    at Gr.handleRequestError (C:\\Users\\87074\\OneDrive\\Desktop\\Project\\node_modules\\@prisma\\client\\src\\runtime\\RequestHandler.ts:211:7)\n    at Gr.handleAndLogRequestError (C:\\Users\\87074\\OneDrive\\Desktop\\Project\\node_modules\\@prisma\\client\\src\\runtime\\RequestHandler.ts:183:12)\n    at Gr.request (C:\\Users\\87074\\OneDrive\\Desktop\\Project\\node_modules\\@prisma\\client\\src\\runtime\\RequestHandler.ts:152:12)\n    at processTicksAndRejections (node:internal/process/task_queues:105:5)\n    at a (C:\\Users\\87074\\OneDrive\\Desktop\\Project\\node_modules\\@prisma\\client\\src\\runtime\\getPrismaClient.ts:938:24)","timestamp":"2026-04-11T20:54:30.984Z"}
{"clientVersion":"7.7.0","level":"error","message":"Error in creating playlist  \nInvalid `prisma.playlist.create()` invocation in\nC:\\Users\\87074\\OneDrive\\Desktop\\Project\\src\\controller\\playlistController.ts:19:48\n\n  16 const { name, description } = req.body;\n  17 \n  18 \n→ 19 const playlist = await prisma.playlist.create({\n       data: {\n         name: \"kjnf\",\n         description: \"dsegs\",\n         ~~~~~~~~~~~\n         userId: \"e1c8d29f-ea46-4a55-bc97-fded0e54063b\",\n     ?   id?: String,\n     ?   createdAt?: DateTime,\n     ?   problems?: ProblemInPlaylistUncheckedCreateNestedManyWithoutPlaylistInput\n       }\n     })\n\nUnknown argument `description`. Available options are marked with ?.","name":"PrismaClientValidationError","service":"[ MAIN ]","stack":"PrismaClientValidationError: \nInvalid `prisma.playlist.create()` invocation in\nC:\\Users\\87074\\OneDrive\\Desktop\\Project\\src\\controller\\playlistController.ts:19:48\n\n  16 const { name, description } = req.body;\n  17 \n  18 \n→ 19 const playlist = await prisma.playlist.create({\n       data: {\n         name: \"kjnf\",\n         description: \"dsegs\",\n         ~~~~~~~~~~~\n         userId: \"e1c8d29f-ea46-4a55-bc97-fded0e54063b\",\n     ?   id?: String,\n     ?   createdAt?: DateTime,\n     ?   problems?: ProblemInPlaylistUncheckedCreateNestedManyWithoutPlaylistInput\n       }\n     })\n\nUnknown argument `description`. Available options are marked with ?.\n    at throwValidationException (C:\\Users\\87074\\OneDrive\\Desktop\\Project\\node_modules\\@prisma\\client\\src\\runtime\\core\\errorRendering\\throwValidationException.ts:46:9)\n    at Gr.handleRequestError (C:\\Users\\87074\\OneDrive\\Desktop\\Project\\node_modules\\@prisma\\client\\src\\runtime\\RequestHandler.ts:211:7)\n    at Gr.handleAndLogRequestError (C:\\Users\\87074\\OneDrive\\Desktop\\Project\\node_modules\\@prisma\\client\\src\\runtime\\RequestHandler.ts:183:12)\n    at Gr.request (C:\\Users\\87074\\OneDrive\\Desktop\\Project\\node_modules\\@prisma\\client\\src\\runtime\\RequestHandler.ts:152:12)\n    at processTicksAndRejections (node:internal/process/task_queues:105:5)\n    at a (C:\\Users\\87074\\OneDrive\\Desktop\\Project\\node_modules\\@prisma\\client\\src\\runtime\\getPrismaClient.ts:938:24)","timestamp":"2026-04-11T20:55:00.476Z"}
{"clientVersion":"7.7.0","level":"error","message":"Error in creating playlist  \nInvalid `prisma.playlist.create()` invocation in\nC:\\Users\\87074\\OneDrive\\Desktop\\Project\\src\\controller\\playlistController.ts:19:48\n\n  16 const { name, description } = req.body;\n  17 \n  18 \n→ 19 const playlist = await prisma.playlist.create({\n       data: {\n         name: \"Harsh\",\n         description: \"harsh\",\n         ~~~~~~~~~~~\n         userId: \"e1c8d29f-ea46-4a55-bc97-fded0e54063b\",\n     ?   id?: String,\n     ?   createdAt?: DateTime,\n     ?   problems?: ProblemInPlaylistUncheckedCreateNestedManyWithoutPlaylistInput\n       }\n     })\n\nUnknown argument `description`. Available options are marked with ?.","name":"PrismaClientValidationError","service":"[ MAIN ]","stack":"PrismaClientValidationError: \nInvalid `prisma.playlist.create()` invocation in\nC:\\Users\\87074\\OneDrive\\Desktop\\Project\\src\\controller\\playlistController.ts:19:48\n\n  16 const { name, description } = req.body;\n  17 \n  18 \n→ 19 const playlist = await prisma.playlist.create({\n       data: {\n         name: \"Harsh\",\n         description: \"harsh\",\n         ~~~~~~~~~~~\n         userId: \"e1c8d29f-ea46-4a55-bc97-fded0e54063b\",\n     ?   id?: String,\n     ?   createdAt?: DateTime,\n     ?   problems?: ProblemInPlaylistUncheckedCreateNestedManyWithoutPlaylistInput\n       }\n     })\n\nUnknown argument `description`. Available options are marked with ?.\n    at throwValidationException (C:\\Users\\87074\\OneDrive\\Desktop\\Project\\node_modules\\@prisma\\client\\src\\runtime\\core\\errorRendering\\throwValidationException.ts:46:9)\n    at Gr.handleRequestError (C:\\Users\\87074\\OneDrive\\Desktop\\Project\\node_modules\\@prisma\\client\\src\\runtime\\RequestHandler.ts:211:7)\n    at Gr.handleAndLogRequestError (C:\\Users\\87074\\OneDrive\\Desktop\\Project\\node_modules\\@prisma\\client\\src\\runtime\\RequestHandler.ts:183:12)\n    at Gr.request (C:\\Users\\87074\\OneDrive\\Desktop\\Project\\node_modules\\@prisma\\client\\src\\runtime\\RequestHandler.ts:152:12)\n    at processTicksAndRejections (node:internal/process/task_queues:105:5)\n    at a (C:\\Users\\87074\\OneDrive\\Desktop\\Project\\node_modules\\@prisma\\client\\src\\runtime\\getPrismaClient.ts:938:24)","timestamp":"2026-04-11T20:58:19.506Z"}
{"clientVersion":"7.7.0","level":"error","message":"Error in creating playlist  \nInvalid `prisma.playlist.create()` invocation in\nC:\\Users\\87074\\OneDrive\\Desktop\\Project\\src\\controller\\playlistController.ts:19:48\n\n  16 const { name, description } = req.body;\n  17 \n  18 \n→ 19 const playlist = await prisma.playlist.create({\n       data: {\n         name: \"ewrf\",\n         description: \"ewtferygeregfsrgkirjmgikdrn lkdr\",\n         ~~~~~~~~~~~\n         userId: \"e1c8d29f-ea46-4a55-bc97-fded0e54063b\",\n     ?   id?: String,\n     ?   createdAt?: DateTime,\n     ?   problems?: ProblemInPlaylistUncheckedCreateNestedManyWithoutPlaylistInput\n       }\n     })\n\nUnknown argument `description`. Available options are marked with ?.","name":"PrismaClientValidationError","service":"[ MAIN ]","stack":"PrismaClientValidationError: \nInvalid `prisma.playlist.create()` invocation in\nC:\\Users\\87074\\OneDrive\\Desktop\\Project\\src\\controller\\playlistController.ts:19:48\n\n  16 const { name, description } = req.body;\n  17 \n  18 \n→ 19 const playlist = await prisma.playlist.create({\n       data: {\n         name: \"ewrf\",\n         description: \"ewtferygeregfsrgkirjmgikdrn lkdr\",\n         ~~~~~~~~~~~\n         userId: \"e1c8d29f-ea46-4a55-bc97-fded0e54063b\",\n     ?   id?: String,\n     ?   createdAt?: DateTime,\n     ?   problems?: ProblemInPlaylistUncheckedCreateNestedManyWithoutPlaylistInput\n       }\n     })\n\nUnknown argument `description`. Available options are marked with ?.\n    at throwValidationException (C:\\Users\\87074\\OneDrive\\Desktop\\Project\\node_modules\\@prisma\\client\\src\\runtime\\core\\errorRendering\\throwValidationException.ts:46:9)\n    at Gr.handleRequestError (C:\\Users\\87074\\OneDrive\\Desktop\\Project\\node_modules\\@prisma\\client\\src\\runtime\\RequestHandler.ts:211:7)\n    at Gr.handleAndLogRequestError (C:\\Users\\87074\\OneDrive\\Desktop\\Project\\node_modules\\@prisma\\client\\src\\runtime\\RequestHandler.ts:183:12)\n    at Gr.request (C:\\Users\\87074\\OneDrive\\Desktop\\Project\\node_modules\\@prisma\\client\\src\\runtime\\RequestHandler.ts:152:12)\n    at processTicksAndRejections (node:internal/process/task_queues:105:5)\n    at a (C:\\Users\\87074\\OneDrive\\Desktop\\Project\\node_modules\\@prisma\\client\\src\\runtime\\getPrismaClient.ts:938:24)","timestamp":"2026-04-11T20:58:43.748Z"}
{"clientVersion":"7.7.0","level":"error","message":"Error in creating playlist  \nInvalid `prisma.playlist.create()` invocation in\nC:\\Users\\87074\\OneDrive\\Desktop\\Project\\src\\controller\\playlistController.ts:19:48\n\n  16 const { name, description } = req.body;\n  17 \n  18 \n→ 19 const playlist = await prisma.playlist.create({\n       data: {\n         name: \"ewrf\",\n         description: \"ewtferygeregfsrgkirjmgikdrn lkdr\",\n         ~~~~~~~~~~~\n         userId: \"e1c8d29f-ea46-4a55-bc97-fded0e54063b\",\n     ?   id?: String,\n     ?   createdAt?: DateTime,\n     ?   problems?: ProblemInPlaylistUncheckedCreateNestedManyWithoutPlaylistInput\n       }\n     })\n\nUnknown argument `description`. Available options are marked with ?.","name":"PrismaClientValidationError","service":"[ MAIN ]","stack":"PrismaClientValidationError: \nInvalid `prisma.playlist.create()` invocation in\nC:\\Users\\87074\\OneDrive\\Desktop\\Project\\src\\controller\\playlistController.ts:19:48\n\n  16 const { name, description } = req.body;\n  17 \n  18 \n→ 19 const playlist = await prisma.playlist.create({\n       data: {\n         name: \"ewrf\",\n         description: \"ewtferygeregfsrgkirjmgikdrn lkdr\",\n         ~~~~~~~~~~~\n         userId: \"e1c8d29f-ea46-4a55-bc97-fded0e54063b\",\n     ?   id?: String,\n     ?   createdAt?: DateTime,\n     ?   problems?: ProblemInPlaylistUncheckedCreateNestedManyWithoutPlaylistInput\n       }\n     })\n\nUnknown argument `description`. Available options are marked with ?.\n    at throwValidationException (C:\\Users\\87074\\OneDrive\\Desktop\\Project\\node_modules\\@prisma\\client\\src\\runtime\\core\\errorRendering\\throwValidationException.ts:46:9)\n    at Gr.handleRequestError (C:\\Users\\87074\\OneDrive\\Desktop\\Project\\node_modules\\@prisma\\client\\src\\runtime\\RequestHandler.ts:211:7)\n    at Gr.handleAndLogRequestError (C:\\Users\\87074\\OneDrive\\Desktop\\Project\\node_modules\\@prisma\\client\\src\\runtime\\RequestHandler.ts:183:12)\n    at Gr.request (C:\\Users\\87074\\OneDrive\\Desktop\\Project\\node_modules\\@prisma\\client\\src\\runtime\\RequestHandler.ts:152:12)\n    at processTicksAndRejections (node:internal/process/task_queues:105:5)\n    at a (C:\\Users\\87074\\OneDrive\\Desktop\\Project\\node_modules\\@prisma\\client\\src\\runtime\\getPrismaClient.ts:938:24)","timestamp":"2026-04-11T20:59:49.563Z"}
{"level":"info","message":"Server is running on port 3007","service":"[ MAIN ]","timestamp":"2026-04-11T21:05:54.839Z"}
{"level":"info","message":"User joined interview room: 459a8853-5798-489c-8548-adb7046dee1a","service":"[ MAIN ]","timestamp":"2026-04-11T22:09:45.484Z"}
{"level":"info","message":"User joined interview room: 459a8853-5798-489c-8548-adb7046dee1a","service":"[ MAIN ]","timestamp":"2026-04-11T22:09:47.835Z"}
{"level":"info","message":"User joined interview room: 459a8853-5798-489c-8548-adb7046dee1a","service":"[ MAIN ]","timestamp":"2026-04-11T22:10:17.182Z"}
{"level":"info","message":"User joined interview room: 459a8853-5798-489c-8548-adb7046dee1a","service":"[ MAIN ]","timestamp":"2026-04-11T22:10:55.292Z"}
{"level":"info","message":"User joined interview room: 459a8853-5798-489c-8548-adb7046dee1a","service":"[ MAIN ]","timestamp":"2026-04-11T22:11:05.226Z"}
{"level":"info","message":"User joined interview room: 459a8853-5798-489c-8548-adb7046dee1a","service":"[ MAIN ]","timestamp":"2026-04-11T22:11:06.001Z"}
{"level":"info","message":"User joined interview room: 459a8853-5798-489c-8548-adb7046dee1a","service":"[ MAIN ]","timestamp":"2026-04-11T22:11:27.818Z"}
{"level":"info","message":"User joined interview room: 03c5571a-3e27-4880-acf2-c6b587501e5c","service":"[ MAIN ]","timestamp":"2026-04-11T22:16:02.389Z"}
{"level":"info","message":"User joined interview room: 03c5571a-3e27-4880-acf2-c6b587501e5c","service":"[ MAIN ]","timestamp":"2026-04-11T22:17:31.142Z"}
{"level":"info","message":"User joined interview room: 03c5571a-3e27-4880-acf2-c6b587501e5c","service":"[ MAIN ]","timestamp":"2026-04-11T22:18:30.285Z"}
{"level":"info","message":"User joined interview room: 9f6b6d5a-c20e-4c12-b957-3368dc07a0fb","service":"[ MAIN ]","timestamp":"2026-04-11T22:19:58.618Z"}
{"level":"info","message":"User joined interview room: 9f6b6d5a-c20e-4c12-b957-3368dc07a0fb","service":"[ MAIN ]","timestamp":"2026-04-11T22:21:44.422Z"}
{"level":"info","message":"User joined interview room: 9f6b6d5a-c20e-4c12-b957-3368dc07a0fb","service":"[ MAIN ]","timestamp":"2026-04-11T22:22:24.453Z"}
{"level":"info","message":"User joined interview room: 9f6b6d5a-c20e-4c12-b957-3368dc07a0fb","service":"[ MAIN ]","timestamp":"2026-04-11T22:22:24.453Z"}
{"level":"info","message":"User joined interview room: 9f6b6d5a-c20e-4c12-b957-3368dc07a0fb","service":"[ MAIN ]","timestamp":"2026-04-11T22:22:29.410Z"}
{"level":"info","message":"User joined interview room: 9f6b6d5a-c20e-4c12-b957-3368dc07a0fb","service":"[ MAIN ]","timestamp":"2026-04-11T22:22:29.411Z"}
{"level":"info","message":"User joined interview room: 00babcd4-0be2-4031-bd7f-53c4adddc812","service":"[ MAIN ]","timestamp":"2026-04-11T22:25:19.840Z"}
{"level":"info","message":"User joined interview room: 00babcd4-0be2-4031-bd7f-53c4adddc812","service":"[ MAIN ]","timestamp":"2026-04-11T22:26:56.253Z"}
{"level":"info","message":"User joined interview room: 00babcd4-0be2-4031-bd7f-53c4adddc812","service":"[ MAIN ]","timestamp":"2026-04-11T22:26:56.253Z"}
{"level":"info","message":"User joined interview room: 00babcd4-0be2-4031-bd7f-53c4adddc812","service":"[ MAIN ]","timestamp":"2026-04-11T22:28:07.023Z"}
{"level":"info","message":"User joined interview room: 00babcd4-0be2-4031-bd7f-53c4adddc812","service":"[ MAIN ]","timestamp":"2026-04-11T22:28:07.024Z"}
{"level":"info","message":"User joined interview room: 3ec0c42c-c721-415b-8ad6-d4d235c7b868","service":"[ MAIN ]","timestamp":"2026-04-11T22:28:48.918Z"}
{"level":"info","message":"User joined interview room: 9f6cac1b-7f27-49b5-82a7-806e25615b41","service":"[ MAIN ]","timestamp":"2026-04-11T22:30:18.937Z"}
{"level":"info","message":"User joined interview room: 1ec32cb7-c961-4319-afb2-785019d0b3f0","service":"[ MAIN ]","timestamp":"2026-04-11T22:31:00.748Z"}
{"level":"info","message":"Server is running on port 3007","service":"[ MAIN ]","timestamp":"2026-04-11T22:32:19.694Z"}
{"level":"info","message":"User joined interview room: 1ec32cb7-c961-4319-afb2-785019d0b3f0","service":"[ MAIN ]","timestamp":"2026-04-11T22:32:28.235Z"}
{"level":"info","message":"User joined interview room: 1ec32cb7-c961-4319-afb2-785019d0b3f0","service":"[ MAIN ]","timestamp":"2026-04-11T22:32:28.236Z"}
{"level":"info","message":"User joined interview room: 9f6cac1b-7f27-49b5-82a7-806e25615b41","service":"[ MAIN ]","timestamp":"2026-04-11T22:32:34.606Z"}
{"level":"info","message":"User joined interview room: 9f6cac1b-7f27-49b5-82a7-806e25615b41","service":"[ MAIN ]","timestamp":"2026-04-11T22:32:34.607Z"}
{"level":"info","message":"User joined interview room: f7961a59-ae10-4b73-99ce-a8d327b4f48c","service":"[ MAIN ]","timestamp":"2026-04-11T22:32:54.473Z"}
{"level":"info","message":"User joined interview room: 569ae19c-b9d5-4a70-8d78-b8032127d071","service":"[ MAIN ]","timestamp":"2026-04-11T22:36:38.233Z"}
{"level":"info","message":"User joined interview room: d8bf223f-217f-4777-aab5-ecf22e75ee8f","service":"[ MAIN ]","timestamp":"2026-04-11T22:39:08.538Z"}
{"level":"info","message":"User joined interview room: 3ec0c42c-c721-415b-8ad6-d4d235c7b868","service":"[ MAIN ]","timestamp":"2026-04-11T22:44:02.231Z"}
{"level":"info","message":"User joined interview room: 3ec0c42c-c721-415b-8ad6-d4d235c7b868","service":"[ MAIN ]","timestamp":"2026-04-11T22:44:02.234Z"}
{"level":"info","message":"Server is running on port 3007","service":"[ MAIN ]","timestamp":"2026-04-11T23:22:44.146Z"}
{"level":"info","message":"Server is running on port 3007","service":"[ MAIN ]","timestamp":"2026-04-11T23:23:48.094Z"}
{"level":"info","message":"Server is running on port 3007","service":"[ MAIN ]","timestamp":"2026-04-11T23:27:57.640Z"}
{"level":"info","message":"Server is running on port 3007","service":"[ MAIN ]","timestamp":"2026-04-11T23:36:03.491Z"}
{"level":"info","message":"Server is running on port 3007","service":"[ MAIN ]","timestamp":"2026-04-11T23:36:55.038Z"}
{"level":"info","message":"Server is running on port 3007","service":"[ MAIN ]","timestamp":"2026-04-11T23:39:16.330Z"}
{"level":"info","message":"Server is running on port 3007","service":"[ MAIN ]","timestamp":"2026-04-11T23:39:21.475Z"}
{"level":"info","message":"Server is running on port 3001","service":"[ MAIN ]","timestamp":"2026-04-12T01:40:56.869Z"}
{"level":"info","message":"Server is running on port 3001","service":"[ MAIN ]","timestamp":"2026-04-12T02:09:21.559Z"}
{"level":"info","message":"Server is running on port 3001","service":"[ MAIN ]","timestamp":"2026-04-12T02:10:00.865Z"}
{"level":"info","message":"Server is running on port undefined","service":"[ MAIN ]","timestamp":"2026-04-15T03:26:38.478Z"}
{"level":"info","message":"Server is running on port undefined","service":"[ MAIN ]","timestamp":"2026-04-15T03:29:11.092Z"}
{"level":"info","message":"Server is running on port undefined","service":"[ MAIN ]","timestamp":"2026-04-15T03:30:15.803Z"}
{"level":"info","message":"Server is running on port 3005","service":"[ MAIN ]","timestamp":"2026-04-15T03:31:52.300Z"}
{"error":{"clientVersion":"7.7.0","code":"P1001","meta":{"driverAdapterError":{"cause":{"host":"base","kind":"DatabaseNotReachable"},"name":"DriverAdapterError"},"modelName":"User"},"name":"PrismaClientKnownRequestError"},"level":"error","message":"Login error","service":"[ MAIN ]","timestamp":"2026-04-15T03:32:13.905Z"}
{"error":{"clientVersion":"7.7.0","code":"P1001","meta":{"driverAdapterError":{"cause":{"host":"base","kind":"DatabaseNotReachable"},"name":"DriverAdapterError"},"modelName":"User"},"name":"PrismaClientKnownRequestError"},"level":"error","message":"Login error","service":"[ MAIN ]","timestamp":"2026-04-15T03:32:48.787Z"}
{"level":"info","message":"Server is running on port 3005","service":"[ MAIN ]","timestamp":"2026-04-15T03:33:43.386Z"}
{"error":{"clientVersion":"7.7.0","code":"P1001","meta":{"driverAdapterError":{"cause":{"host":"base","kind":"DatabaseNotReachable"},"name":"DriverAdapterError"},"modelName":"User"},"name":"PrismaClientKnownRequestError"},"level":"error","message":"Login error","service":"[ MAIN ]","timestamp":"2026-04-15T03:33:50.411Z"}
{"error":{"clientVersion":"7.7.0","code":"P1001","meta":{"driverAdapterError":{"cause":{"host":"base","kind":"DatabaseNotReachable"},"name":"DriverAdapterError"},"modelName":"User"},"name":"PrismaClientKnownRequestError"},"level":"error","message":"Login error","service":"[ MAIN ]","timestamp":"2026-04-15T03:35:08.596Z"}
{"level":"info","message":"Server is running on port 3005","service":"[ MAIN ]","timestamp":"2026-04-15T03:35:30.263Z"}
{"error":{"clientVersion":"7.7.0","code":"ECONNREFUSED","meta":{"modelName":"User"},"name":"PrismaClientKnownRequestError"},"level":"error","message":"Login error","service":"[ MAIN ]","timestamp":"2026-04-15T03:35:37.994Z"}
{"level":"info","message":"Server is running on port 3005","service":"[ MAIN ]","timestamp":"2026-04-15T03:43:54.898Z"}
{"error":{"clientVersion":"7.7.0","code":"P1001","meta":{"driverAdapterError":{"cause":{"host":"postgres-local","kind":"DatabaseNotReachable"},"name":"DriverAdapterError"},"modelName":"User"},"name":"PrismaClientKnownRequestError"},"level":"error","message":"Login error","service":"[ MAIN ]","timestamp":"2026-04-15T03:44:00.042Z"}
{"level":"info","message":"Server is running on port 3005","service":"[ MAIN ]","timestamp":"2026-04-15T03:46:41.100Z"}
{"level":"info","message":"Server is running on port 3005","service":"[ MAIN ]","timestamp":"2026-04-15T03:47:55.224Z"}
{"error":{"clientVersion":"7.7.0","code":"ECONNREFUSED","meta":{"modelName":"User"},"name":"PrismaClientKnownRequestError"},"level":"error","message":"Login error","service":"[ MAIN ]","timestamp":"2026-04-15T03:50:16.146Z"}
{"level":"info","message":"Server is running on port 3005","service":"[ MAIN ]","timestamp":"2026-04-15T03:57:40.765Z"}
{"level":"info","message":"Server is running on port 3005","service":"[ MAIN ]","timestamp":"2026-04-15T04:17:04.568Z"}
{"level":"info","message":"Server is running on port 3005","service":"[ MAIN ]","timestamp":"2026-04-15T04:17:06.824Z"}
{"level":"info","message":"Server is running on port 3005","service":"[ MAIN ]","timestamp":"2026-04-15T04:17:09.503Z"}
{"level":"info","message":"Server is running on port 3005","service":"[ MAIN ]","timestamp":"2026-04-15T04:17:11.515Z"}
{"level":"info","message":"Server is running on port 3005","service":"[ MAIN ]","timestamp":"2026-04-15T08:24:09.099Z"}
{"level":"info","message":"Server is running on port 3005","service":"[ MAIN ]","timestamp":"2026-04-15T08:25:09.383Z"}
{"level":"info","message":"Server is running on port 3005","service":"[ MAIN ]","timestamp":"2026-04-15T08:25:11.478Z"}
{"level":"info","message":"Server is running on port 3005","service":"[ MAIN ]","timestamp":"2026-04-15T13:05:30.647Z"}
{"level":"info","message":"Server is running on port 3005","service":"[ MAIN ]","timestamp":"2026-04-15T13:07:46.204Z"}
{"level":"info","message":"Server is running on port 3005","service":"[ MAIN ]","timestamp":"2026-04-15T13:07:55.633Z"}
{"level":"info","message":"Server is running on port 3005","service":"[ MAIN ]","timestamp":"2026-04-15T13:08:03.335Z"}
{"level":"info","message":"Server is running on port 3005","service":"[ MAIN ]","timestamp":"2026-04-15T13:08:10.626Z"}
{"level":"info","message":"Server is running on port 3005","service":"[ MAIN ]","timestamp":"2026-04-15T13:09:03.883Z"}
{"level":"info","message":"Server is running on port 3005","service":"[ MAIN ]","timestamp":"2026-04-15T13:20:45.410Z"}
{"level":"info","message":"Server is running on port 3005","service":"[ MAIN ]","timestamp":"2026-04-15T13:20:49.943Z"}
{"level":"info","message":"Server is running on port 3005","service":"[ MAIN ]","timestamp":"2026-04-15T13:20:55.315Z"}
{"level":"info","message":"Server is running on port 3005","service":"[ MAIN ]","timestamp":"2026-04-15T13:21:07.598Z"}
{"level":"info","message":"Server is running on port 3005","service":"[ MAIN ]","timestamp":"2026-04-15T13:24:05.234Z"}
{"level":"info","message":"Server is running on port 3005","service":"[ MAIN ]","timestamp":"2026-04-15T13:24:36.340Z"}
{"level":"info","message":"Server is running on port 3005","service":"[ MAIN ]","timestamp":"2026-04-15T13:24:46.076Z"}
{"level":"info","message":"Server is running on port 3005","service":"[ MAIN ]","timestamp":"2026-04-15T13:24:50.833Z"}
{"level":"info","message":"Server is running on port 3005","service":"[ MAIN ]","timestamp":"2026-04-15T13:25:02.477Z"}
{"level":"info","message":"Server is running on port 3005","service":"[ MAIN ]","timestamp":"2026-04-15T13:28:11.022Z"}
{"level":"info","message":"Server is running on port 3005","service":"[ MAIN ]","timestamp":"2026-04-15T13:28:38.572Z"}
{"level":"info","message":"Server is running on port 3005","service":"[ MAIN ]","timestamp":"2026-04-15T13:29:05.242Z"}
{"level":"info","message":"Server is running on port 3005","service":"[ MAIN ]","timestamp":"2026-04-15T13:29:38.982Z"}
{"level":"info","message":"Server is running on port 3005","service":"[ MAIN ]","timestamp":"2026-04-15T13:29:41.019Z"}
{"level":"info","message":"Server is running on port 3005","service":"[ MAIN ]","timestamp":"2026-04-15T13:37:16.185Z"}
{"level":"info","message":"Server is running on port 3005","service":"[ MAIN ]","timestamp":"2026-04-15T16:01:51.040Z"}
{"level":"info","message":"Server is running on port 3005","service":"[ MAIN ]","timestamp":"2026-04-15T16:37:33.372Z"}
{"level":"info","message":"Server is running on port 3005","service":"[ MAIN ]","timestamp":"2026-04-15T16:42:19.690Z"}
{"level":"info","message":"Server is running on port 3005","service":"[ MAIN ]","timestamp":"2026-04-15T16:44:30.848Z"}
{"level":"info","message":"Server is running on port 3005","service":"[ MAIN ]","timestamp":"2026-04-15T16:44:54.473Z"}
{"level":"info","message":"Server is running on port 3005","service":"[ MAIN ]","timestamp":"2026-04-15T16:46:20.396Z"}
{"level":"info","message":"Server is running on port 3005","service":"[ MAIN ]","timestamp":"2026-04-15T16:50:26.857Z"}
{"level":"info","message":"Server is running on port 3005","service":"[ MAIN ]","timestamp":"2026-04-15T16:50:32.880Z"}
{"level":"info","message":"Server is running on port 3005","service":"[ MAIN ]","timestamp":"2026-04-15T16:50:38.710Z"}
{"level":"info","message":"Server is running on port 3005","service":"[ MAIN ]","timestamp":"2026-04-15T16:50:43.946Z"}
{"level":"info","message":"Server is running on port 3005","service":"[ MAIN ]","timestamp":"2026-04-15T16:52:14.788Z"}
{"level":"info","message":"Server is running on port 3005","service":"[ MAIN ]","timestamp":"2026-04-15T16:52:22.643Z"}
{"level":"info","message":"Server is running on port 3005","service":"[ MAIN ]","timestamp":"2026-04-15T16:52:58.675Z"}
{"level":"info","message":"Server is running on port 3005","service":"[ MAIN ]","timestamp":"2026-04-15T16:53:16.677Z"}
{"level":"info","message":"Server is running on port 3005","service":"[ MAIN ]","timestamp":"2026-04-15T16:53:20.898Z"}
{"level":"info","message":"Server is running on port 3005","service":"[ MAIN ]","timestamp":"2026-04-15T16:53:26.958Z"}
{"level":"info","message":"Server is running on port 3005","service":"[ MAIN ]","timestamp":"2026-04-15T16:53:48.204Z"}
{"level":"info","message":"Server is running on port 3005","service":"[ MAIN ]","timestamp":"2026-04-15T16:54:01.731Z"}
{"level":"info","message":"Server is running on port 3005","service":"[ MAIN ]","timestamp":"2026-04-15T16:55:20.987Z"}
{"level":"info","message":"Server is running on port 3005","service":"[ MAIN ]","timestamp":"2026-04-15T16:56:22.970Z"}
{"level":"info","message":"Server is running on port 3005","service":"[ MAIN ]","timestamp":"2026-04-15T16:58:07.590Z"}
{"level":"info","message":"Server is running on port 3005","service":"[ MAIN ]","timestamp":"2026-04-15T16:58:26.793Z"}
{"level":"info","message":"Server is running on port 3005","service":"[ MAIN ]","timestamp":"2026-04-16T14:03:12.001Z"}
{"level":"info","message":"Server is running on port 3005","service":"[ MAIN ]","timestamp":"2026-04-16T14:05:11.386Z"}
{"level":"info","message":"Server is running on port 3005","service":"[ MAIN ]","timestamp":"2026-04-16T14:05:46.392Z"}
{"level":"info","message":"Server is running on port 3005","service":"[ MAIN ]","timestamp":"2026-04-16T14:06:00.452Z"}
{"level":"info","message":"Server is running on port 3005","service":"[ MAIN ]","timestamp":"2026-04-16T14:06:02.512Z"}
{"level":"info","message":"Server is running on port 3005","service":"[ MAIN ]","timestamp":"2026-04-16T14:06:20.115Z"}
{"level":"info","message":"Server is running on port 3005","service":"[ MAIN ]","timestamp":"2026-04-16T14:06:26.387Z"}
{"level":"info","message":"Server is running on port 3005","service":"[ MAIN ]","timestamp":"2026-04-16T14:06:32.267Z"}
{"level":"info","message":"Server is running on port 3005","service":"[ MAIN ]","timestamp":"2026-04-16T14:06:44.471Z"}
{"level":"info","message":"Server is running on port 3005","service":"[ MAIN ]","timestamp":"2026-04-16T14:06:52.210Z"}
{"level":"info","message":"Server is running on port 3005","service":"[ MAIN ]","timestamp":"2026-04-16T14:06:56.632Z"}
{"level":"info","message":"Server is running on port 3005","service":"[ MAIN ]","timestamp":"2026-04-16T14:07:00.066Z"}
{"level":"info","message":"Server is running on port 3005","service":"[ MAIN ]","timestamp":"2026-04-16T14:07:15.205Z"}
{"level":"info","message":"Server is running on port 3005","service":"[ MAIN ]","timestamp":"2026-04-16T14:07:17.827Z"}
{"level":"info","message":"Server is running on port 3005","service":"[ MAIN ]","timestamp":"2026-04-16T14:07:28.134Z"}
{"level":"info","message":"Server is running on port 3005","service":"[ MAIN ]","timestamp":"2026-04-16T14:07:37.001Z"}
{"level":"info","message":"Server is running on port 3005","service":"[ MAIN ]","timestamp":"2026-04-16T14:07:39.111Z"}
{"level":"info","message":"Server is running on port 3005","service":"[ MAIN ]","timestamp":"2026-04-16T14:07:44.044Z"}
{"level":"info","message":"Server is running on port 3005","service":"[ MAIN ]","timestamp":"2026-04-16T14:07:46.947Z"}
{"level":"info","message":"Server is running on port 3005","service":"[ MAIN ]","timestamp":"2026-04-16T14:07:49.856Z"}
{"level":"info","message":"Server is running on port 3005","service":"[ MAIN ]","timestamp":"2026-04-16T14:07:58.631Z"}
{"level":"info","message":"Server is running on port 3005","service":"[ MAIN ]","timestamp":"2026-04-16T14:08:01.341Z"}
{"level":"info","message":"Server is running on port 3005","service":"[ MAIN ]","timestamp":"2026-04-16T14:08:13.217Z"}
{"level":"info","message":"Server is running on port 3005","service":"[ MAIN ]","timestamp":"2026-04-16T14:08:20.444Z"}
{"level":"info","message":"Server is running on port 3005","service":"[ MAIN ]","timestamp":"2026-04-16T14:08:29.604Z"}
{"level":"info","message":"Server is running on port 3005","service":"[ MAIN ]","timestamp":"2026-04-16T14:08:33.232Z"}
{"level":"info","message":"Server is running on port 3005","service":"[ MAIN ]","timestamp":"2026-04-16T14:08:49.394Z"}
{"level":"info","message":"Server is running on port 3005","service":"[ MAIN ]","timestamp":"2026-04-16T14:09:44.705Z"}
{"level":"info","message":"Server is running on port 3005","service":"[ MAIN ]","timestamp":"2026-04-16T14:09:47.580Z"}
{"level":"info","message":"Server is running on port 3005","service":"[ MAIN ]","timestamp":"2026-04-16T14:14:48.766Z"}
{"level":"info","message":"Server is running on port 3005","service":"[ MAIN ]","timestamp":"2026-04-17T17:18:04.174Z"}
{"level":"info","message":"Server is running on port 3005","service":"[ MAIN ]","timestamp":"2026-04-17T17:30:32.454Z"}
{"level":"info","message":"Server is running on port 3005","service":"[ MAIN ]","timestamp":"2026-04-17T17:31:07.777Z"}
{"level":"info","message":"Server is running on port 3005","service":"[ MAIN ]","timestamp":"2026-04-17T17:31:29.583Z"}
{"level":"info","message":"Server is running on port 3005","service":"[ MAIN ]","timestamp":"2026-04-17T17:31:51.205Z"}
{"level":"info","message":"Server is running on port 3005","service":"[ MAIN ]","timestamp":"2026-04-17T17:32:00.956Z"}
{"level":"info","message":"Server is running on port 3005","service":"[ MAIN ]","timestamp":"2026-04-17T17:33:33.381Z"}
{"level":"info","message":"Server is running on port 3005","service":"[ MAIN ]","timestamp":"2026-04-17T17:33:40.614Z"}
{"level":"info","message":"Server is running on port 3005","service":"[ MAIN ]","timestamp":"2026-04-17T17:34:06.790Z"}
{"level":"info","message":"Server is running on port 3005","service":"[ MAIN ]","timestamp":"2026-04-17T17:34:30.529Z"}
{"level":"info","message":"Server is running on port 3005","service":"[ MAIN ]","timestamp":"2026-04-17T17:41:12.260Z"}
{"level":"info","message":"Server is running on port 3005","service":"[ MAIN ]","timestamp":"2026-04-17T17:41:46.005Z"}
{"level":"info","message":"Server is running on port 3005","service":"[ MAIN ]","timestamp":"2026-04-17T17:41:51.432Z"}
{"level":"info","message":"Server is running on port 3005","service":"[ MAIN ]","timestamp":"2026-04-17T17:42:05.163Z"}
{"level":"info","message":"Server is running on port 3005","service":"[ MAIN ]","timestamp":"2026-04-17T17:42:16.294Z"}
{"level":"info","message":"Server is running on port 3005","service":"[ MAIN ]","timestamp":"2026-04-17T19:45:20.652Z"}
{"level":"info","message":"Server is running on port 3005","service":"[ MAIN ]","timestamp":"2026-04-17T19:45:31.391Z"}
{"level":"info","message":"Server is running on port 3005","service":"[ MAIN ]","timestamp":"2026-04-17T19:49:11.542Z"}
{"level":"info","message":"Server is running on port 3005","service":"[ MAIN ]","timestamp":"2026-04-17T19:49:18.271Z"}
{"level":"info","message":"Server is running on port 3005","service":"[ MAIN ]","timestamp":"2026-04-17T19:50:34.252Z"}
{"level":"info","message":"Server is running on port 3005","service":"[ MAIN ]","timestamp":"2026-04-17T19:50:56.309Z"}
{"level":"info","message":"Server is running on port 3005","service":"[ MAIN ]","timestamp":"2026-04-17T19:51:03.487Z"}
{"level":"info","message":"Server is running on port 3005","service":"[ MAIN ]","timestamp":"2026-04-17T19:51:35.791Z"}
{"level":"info","message":"Server is running on port 3005","service":"[ MAIN ]","timestamp":"2026-04-17T19:51:41.497Z"}
{"level":"info","message":"Server is running on port 3005","service":"[ MAIN ]","timestamp":"2026-04-17T19:52:03.801Z"}
{"level":"info","message":"Server is running on port 3005","service":"[ MAIN ]","timestamp":"2026-04-17T19:52:10.780Z"}
{"level":"info","message":"Server is running on port 3005","service":"[ MAIN ]","timestamp":"2026-04-17T19:52:43.474Z"}
